make --dry-run --always-make --keep-going --print-directory
make: Entering directory `/Users/abou/Desktop/CUB3DD'
clang -Wall -Werror -Wextra -O3 -I includes -I libft -I mlx -c srcs/main.c -o srcs/main.o
clang -Wall -Werror -Wextra -O3 -I includes -I libft -I mlx -c srcs/get_file.c -o srcs/get_file.o
clang -Wall -Werror -Wextra -O3 -I includes -I libft -I mlx -c srcs/parse.c -o srcs/parse.o
clang -Wall -Werror -Wextra -O3 -I includes -I libft -I mlx -c srcs/square_map.c -o srcs/square_map.o
clang -Wall -Werror -Wextra -O3 -I includes -I libft -I mlx -c srcs/game_loop.c -o srcs/game_loop.o
clang -Wall -Werror -Wextra -O3 -I includes -I libft -I mlx -c srcs/game_img.c -o srcs/game_img.o
clang -Wall -Werror -Wextra -O3 -I includes -I libft -I mlx -c srcs/game_raycasting.c -o srcs/game_raycasting.o
clang -Wall -Werror -Wextra -O3 -I includes -I libft -I mlx -c srcs/minimap.c -o srcs/minimap.o
clang -Wall -Werror -Wextra -O3 -I includes -I libft -I mlx -c srcs/game_display.c -o srcs/game_display.o
clang -Wall -Werror -Wextra -O3 -I includes -I libft -I mlx -c srcs/game_move.c -o srcs/game_move.o
clang -Wall -Werror -Wextra -O3 -I includes -I libft -I mlx -c srcs/game_move2.c -o srcs/game_move2.o
clang -Wall -Werror -Wextra -O3 -I includes -I libft -I mlx -c srcs/parse_wall.c -o srcs/parse_wall.o
clang -Wall -Werror -Wextra -O3 -I includes -I libft -I mlx -c srcs/parse_map.c -o srcs/parse_map.o
clang -Wall -Werror -Wextra -O3 -I includes -I libft -I mlx -c srcs/game_utils.c -o srcs/game_utils.o
clang -Wall -Werror -Wextra -O3 -I includes -I libft -I mlx -c srcs/game_utils2.c -o srcs/game_utils2.o
clang -Wall -Werror -Wextra -O3 -I includes -I libft -I mlx -c srcs/clean.c -o srcs/clean.o
make: Leaving directory `/Users/abou/Desktop/CUB3DD'
 
make: *** No rule to make target `srcs/drawsky.o', needed by `Cub3d'.

